-11
-5
9
9
-8
-36
31
44
14
25
32
9
-11
28
103
-6
12
9
26
43
2
3
-5
12
124
41
-4
30
64
11
0
3
648
-8
24
40
-17
344
22
7
3
12
23
-11
15
239
23
5
59
7
70
28
252
-3
-19
430
1890
-5
-5
5
13
9
-36
17
14
8
3
-52
72
23
-15
-3
0
-1
66
3
-9
-21
1
-4
42
-1
3
-3
0
4
-1
40
-4
13
2
-29
-25
27
-26
38
0
58
2
-26
20
8
21
-12
6
33
-16
5
1
-143
39
60
26
6
-33
-11
-34
-11
-2
-62
-3
171
-77
-36
10
47
-6
3
-48
2
10
-5
-18
-13
0
-3
22
17
35
-9
-45
7
59
-1
68
11
-7
-8
-4
-13
-3
-10
10
4
-9
1
-16
38
-11
87
9
-7
7
6
4
14
-36
66
1
-17
0
1
-6
-12
-1
41
3
-2
-27
-4
41
-26
66
7
23
3
-1
-19
10
20
-7
20
-22
-14
4
245
5
41
10
19
15
-5
24
8
6
-108
11
-26
8
65
-15
20
170
-21
38
-13
21
-7
-1
-27
48
8
11
-2
1
-14
1
244
12
-3
27
-3
24
-5
-19
31
720
18
4
8
-24
-3
17
3
28
2
10
4
282
-29
15
-3
-26
-1
23
-24
3
4
-6
19
61
31
3
864
36
-7
17
-47
-46
1
4
16
17
-2
32
-14
39
-27
3
-12
1
-12
17
-15
-2
-11
-30
6
26
270
-8
-10
-3
-28
0
11
-7
-43
26
-52
-34
12
67
5
11
-40
-59
-8
0
-16
-10
-57
57
90
72
9
-1
-11
64
15
-4
47
-6
9
-12
-2
-2
42
8
75
128
15
-10
66
10
5
8
10
6
-5
39
8
1
0
-23
-1
-5
-23
-122
-45
30
3
72
-1
5
-8
1
-45
-21
10
-21
14
21
9
16
7
30
68
-17
74
15
-1
59
9
7
34
-21
16
98
-41
-32
-4
224
8
8
2
85
-17
-2
4
-10
-61
4
10
23
44
19
64
1
-61
16
215
18
16
16
0
32
375
3528
0
-7
8
-9
-2
7
9
-22
74
4
16
8
6
43
-1
48
52
-26
-71
58
11
52
-7
6
6
22
197
41
-14
91
-52
10
-36
46
-9
-16
-28
0
55
22
7
0
44
-20
12
-4
15
33
-9
-8
-25
2
35
35
40
-1
23
8
3
13
7
0
10
-119
72
-7
-13
-3
2
-22
55
5
3
9
46
8
18
19
52
17
19
37
20
7
-16
-1
-8
3
2
14
-4
-9
7
65
126
27
9
-11
3
0
26
15
5
7
18
32
-4
17
-7
8
11
128
12
-3
77
-11
18
7
28
2160
1
-39
50
0
48
16
12
-2
-77
-39
21
51
497
27
42
-21
7
5
51
178
0
-5
-6
-1
16
-5
-24
3
-5
15
12
-3
17
-18
113
28
6
30
21
-1
14
-10
0
23
8
37
-86
8
10
6
7
24
-195
125
89
3
-24
8
-9
12
-211
-322
-1
4
71
-1
8
672
23
-32
65
3
0
-10
-2
27
-3
4
-11
8
-643
0
21
-7
-16
4
-23
-14
4
243
-6
372
5
12
7
58
22
39
31
-17
-127
5
4
-4
-2
59
3
44
123
8
8
-12
-17
30
0
14
-11
-6
-3
152
4
-6
20
0
56
-8
43
11
-40
10
98
-47
3
174
3
18
-2
225
-9
39
21
180
2
-8
-20
-3
487
491
3
-12
-5
79
19
-45
15
5
-10
22
21
-15
-1
122
15
504
88
-71
34
13
-3
16
-13
4
-62
29
7
7
8
-29
-8
0
-5
7
-24
-3
-4
-8
-11
-2
3
-11
-9
6
0
19
-1
40
-18
1
58
5
-17
-12
-48
-4
5
46
28
-167
-52
-109
7
16
-42
21
8
0
22
-64
49
-5
319
33
4
16
-29
4
-9
-67
0
-5
33
20
8
7
17
-71
23
-22
72
-16
7
-10
-9
9
-185
42
4
-3
58
-18
400
-11
-7
7
9
18
-18
82
-59
2
-7
11
187
1
-6
-10
14
0
-15
58
2
-27
62
2
-12
-4
-2
-3
33
-2
55
1
5
-21
14
41
105
6
40
-7
36
15
216
8
186
22
23
-9
6
-5
1
8
48
-10
175
48
47
5
-20
30
-8
32
16
2
10
34
18
648
9
-54
-14
-6
1
65
3
7
-13
7
5
48
185
14
14
-10
-11
-85
45
-52
0
50
-506
1
-8
-1
33
10
-6
0
12
20
2
-6
32
-45
-2
9
37
24
53
3
7
32
6
3
47
-39
-3
-10
-8
-8
30
-2
4
-13
-20
-6
-3
36
-8
181
0
-10
-8
-26
70
1890
-14
-23
73
18
-19
-9
-27
57
-7
30
0
11
192
-1
1
2
58
-5
5
52
4
-1
14
-1
1
-44
48
7
10
-1
33
-5
6
0
70
-10
-7
-3
11
1
0
-8
106
-11
192
0
-2
-13
26
16
-17
4
-12
-6
648
-32
-6
-6
-3
6
-7
9
10
34
-3
-22
25
-8
38
12
14
4
38
2
19
-22
-4
-7
8
11
215
72
504
19
-34
