-42299218048426360338421662739497574576814189342023324377680280463870575257620839089130401266548430457555827905573680045594953192366052730659974066250604024768
4379978931863672568966944006519368025118232904018358683395422381408013328084566
-38562123207171765062592742985993572939160185395428022687191451383399220565443370210192957475151600804278229375601184854048901114471836564164247868543512450942
21205105205563530955587498556121228506232981026821320254404765221548618069895412341585209976529435087043215071503284223798497194229575103021293817830425160571
-5349661912271498475781199860871857000486059242259375537404640645215300554271965
17189040038034127109155885449162825947334536221348274703120494010290771758929478982615359940170205791282320206594498118254704943492013798975716093626047673248
-5635263912095278477246912763102183901257735940638871576477585107400390226824186
7193721429660993875397594439447435553775693918285887670770157302008860235415169
31080954200018522260610659187617950091307401801747814113591568508156826616467912894259528034001465311264956676664687665388177011026381836067660918725791899424
-13541495267665455503180502421258581051869012623455434929187235658531729606309344
11913736385107180491923699707041299426636938226099673527823199118656034133729956
10263371880513061983964918001261943264797784154759102874030408527237049385000425
7535695035367006343230757164949984768033238352665556122866070913102058641373040
15447097514192790434717598695534896090313005325562516492430856900190378777853315632515592594972686573031643308007914327905130779419404098837879954999568719136
-4683690731073422796260255880591981647078042121178243777710401141508661030007987307533033377324647599255713827922107929422875003790395238713140666797005004974
578736711887502014192171376670878762259937734865845121794317443321848717402463100184260920544074652167521587956290288876777269976528565797704060330238963504
-13611964660185268944073578307962019354134345256641587631950194625386409330136797
-4046376209475359360034346013838690189518689592611348654382016824105322210578040398080864626573639654241055811594648077636098907523056102176038694457749952840
-1992668212580001655102155179733435275295110667275022440493583233117405051146457
2397964445691018368285889578745830918042697931716930210578545496837527470507843013334490582860405327379886123267138590826565538946173195884292625972315284958
11778560578749786407601116139614633596527269443086515379888813882513515226797816456637507806199771728286245557289690136297157536719156777203179571514344344441
-12368294428427332089626837493383816314641780425037866615759416612451980035654836
5235630289487534714175335881021682427833530078821162498485783523933832708217907
12463877543804392478260728911625206124465044209996590028072643836840389545014998
-16332906999078067783842701136148363071293115390040596202796189222892318070259613737922368002715871458575366386877683288449998139306570594243295298051730419457
-29713777424844427773601793633617419207731994949223995178241634574842717900600465671949376571071004996106040388812863493049603177749270194995456150627004875432
-8170026689671807130928178064555956548021985730161114237891490756507430700400272
-7495618155398605909432145415274072113106422676328857946717760476590327659320510
2998248421794007438722927563382593844606985434970183839552559460598481030152358230046258160117545669612789501881297137613851908730305290657606913863954961656
763340983189023226888521576587288285612533038392326985440958526801666642678342
13591946447416705214724699852566048043560591546231685176565074802889763732696672
-42832708246243601068606118216862978325719337060001052051412502472598683285465091449694544965086255151603334305514916179646431873100910690634859856575491851690
2413225990830339187842141052936292383091570964186980272024518539294551299915606
2335141807537906477942247044893049222989937969035562531124479783519181300148293
-9627650972151664804855433379908134923290795700311405731588403923977798431508483
39895666103361636918046785794446239600590661014808732025907144648555315249311170026219104322074967660454596113153848571182305454134046607825400041292680000503
-3567838317021971136249461842817039178513147405393925095745736669563754500705293922501300658689570966315632316572178216645053390163389357194260326013669348706
-14118099086700631700756969329587078990308526599381924243109701070961754146677527
9689989827717054983948012006573134237302342826848323400296042707023225653454492
-13807847765390256099106843222971822921837170138239805777230663869323387287082168461863681115637418877703729408477412971297819221831579496628344670407410753754
-9897574894167406140515759822768418051650169278177849796739947181570255402149630
477332107289342282115706438405420932404327162480898783302308985733209751069193
-27548045735838338478335002102299676162916382744063456279862947479017376708965354870285872138768181419315255970674779814832434593391187372577610162785352731354
-12351905625411079392332361411263038125192415218681410870502891142671503530495131
36046773107903757089205310673094351363469322887672572692695015897478926383017637824039721002748942148345978734560658889543753974967523765277043285846446730690
-21149602297922482945118773161142582133241230990179116674818814412968182522260730308095124732504989923448747622857006924714143156484235261322007674389565681278
-13305172449945248152692358595423618920828098485475239282135059330229014038512664671480696930508325547312774816376191693691051620732860667185836229120820570468
-285862461067335719613035469015727867176464805208541589699656512508142425116429395918055052052141949933844860440136653405731021715441149878962724752899397958
65354720277313538737034555389816840199121370839445773762397180997316633695899047471737993880785010504549091865039369026345532308782722416285823354452990946559
-20296650004047092204157871028973132784364429353623793320071991687180453478572254342072109702960319079171673460289638363023270537927385761712096542167033953000
-594834843514141712121733252034044965685251249018296548159192324044572888523786
-19674156536588816290919943600742693755415237611929769177013765491756340716789079657643007118018346916563647013115097331427504199471634380421693396397585316080
-48127980884467137732557126582142485499770122341037415066405312836133134792938576053547477401827033720537367705176684402219274977384735413087975677764714134903
11094646643661266127810832492839530614580602065057060143466491078434951136786806
14904998880601647019849479318820585181745897103749049748666267615367002909329161
-12887676318384591749908460393453489679179337978722842763486383003518265189483906
12205709664173272599811310086982270475607658674072833994312625814130136455906023
-194985757643577584333998972109165848367987364854815260732499621229943260961575
3545036643760620833413252244755446399487851911627301083714518079862725245116982253711919546211882637411662303049475298411373850227574516882088583948565942880
14498804887994166159214070297847994864668163355314653152044384425168977843972724
15160917247225879954154201150925843618214779302459324649296377301324712908813903
11127978240229973602113714085767110480644555382230270630213341776754758927622701
9582320902075967445753727232912674983625046192006916475404121075407919781679771
6643339175550104538528672008143346281049518709253985774745354421684125174298870
-8862652397002085283803525855968614023820202822382652414467694956356822834115840
1058023773476921689229088316634294043891233436081936336198801636409153132168817
641152290604510240844747206536637404746343997557218672110309441759103014940781005321251014156080516912738590373131166140488085802188470634947650556678823783
7052993630948964385303797164367290908811860709559001175916541689972966608744881
-84618794690493467934139801010017853059264431696888835214737198743915558255578802195740387922105456678745820849797788795923242723940058883164063955280271783128
7085657110853161221375030944714778369224697373355745921271177589228862611343007078623539238663812790372646417404183295115860646798419572420543401862259623636
-16602742352735604119665936007737745570948063444862518162624973127042165053744182
-2890084691612971243473304425569921458280908789638796948628114235943078454231190
-3165869692531535061603866616104437478306485168042521147238736343104394129735595
61593753189750925408869590818065942184001281673477326442466270501160826184692693527988803155585270941257740984197349616226211340722352740290342787507178657955
-3640121499566306495657481116065767998662459603304203850574172324100589991406866
1747667378694300094473771006627602176440532380211138079185502526754838490278242
-7114862321555794017626399268517549655335093806055953236743078286600545646800265
3869359639610095816424850561613613834769023287031460275347966966336004679855828
3400663941069820876263578671219229508284711088704604618046160336299008031513706
484068549893036701281753223338669311855596179942540676666371473234098632213814
-25316612195914832175729285488514099874004214420967628347703191658413662107886987874519017052307340016671445004339582558842422774595260829909528444475707218900
2244286470400769755785419926710095490548931542269247555912958315645283678127675867889549161533387108761253147581543275159308846259353933013418352891703641332
808837007365843418967875430950986024695378612952508363007898533290788236055318616554936540058388503925028249965921688716021039108258784514444671137898840224
-10394460751192866149621492912312828372786264220288439530527768039564568127813282
4076072612097626541823687428957270250339270712629225650088023942717121695633538
-17558267781208605764731706361005030811264384019788440648522692037216977376275034942723292982490262256515164804370778789502470919615075988901413158771184200032
3532996641947028105092612579121856575987157230745225847288434693533411648376060215446917362328035483273497347078734351082281956942251148535324512269883844060
4098297184370723990395647325547555508217158608491738228870356790817036485897783719276699535555778690504427739913445869307719952111144079477335839451617450880
3265907647437230378549482596632329174583187182793865160236824534751331388762450
28956458661248826819525449853168587927262655929234891708790262082818802442428798717334677896858479092547196253087410901760885090467463704048941529678530206236
25353827328027158344836975669244136492398577980331804170055434878743194180122211367291068686505978301811964942512584384341099672030280158639724248542535551960
1342082138399384154824434299631739843767142094216713407802647641246498548891702
2470613645165722309824231657060822361993559385471139541669533489417570099865666
-80239630099885584300762831772469231568958262506166194557678975837551754187421449373461066040435034947477826311406600124091933541769645334942047588953868176529
-1425583416033008559464422594214175621850272511624425657662840109213022440513563
-19405429822454907714527476209955501329407365290188577122871914438938614076672572
-7586307906765617586110056699962479108996991876943293255554693215239734987545344
-12831624779722422648082093360017773992079317723690545333291507469137048418424563
-26954324376178067019215140445335938094447750448047328443011198288007067332207323738977884013290710910078624612386075146351261619411314486788891091687753443360
4598502661634160456799526571267033739360198440232310170786258138025433537886122290462425626260459132535423409422722923158734100113056940302393546764335722796
-1993893282314632354057704275631916901269187988799090281472384696149041768368844974694641439747904353082420745117417212405873272666150410093501834014889586610
-5075680778829220286780257076561701664313549387470573230443218524121503857638498
17148734504124127130621333778582558463008757599762251499762622506530033441943061
3501671264622537661833367501009898696324608971985327946519846375308339899049996
12207527638421152040805880550491520438388759920896119890343881172407659901495284457548852255693837806766475875322749354005816526648375462151399322976676618685
-2137599633616534239709745384959565554923533141487566941577006726697408918408451
989614091038342086693909017126859529422772479687970612149939732791630326415816
-8464658155885853123889795119722304229868198493185986257364627416425860752231872
62968801445189619721202992580452516981721887599247166255948161507683464161758360855698217958147997535184357613575090380636243638535897452268437976400796650672
16676895675506654620613824714711478538250730077519074401456429764689483619007130
-4120938981171810892468673144707934130066166953709429704548317781939044844597497
716968023142274740087498321789131914498526595915750845590154746644058071381560
1033743843802206122974813339775339273904087446506306086341081832381002503239474558519281337393860227253280616059667634010438644671940622946449541875264883700
27721921685828792581517428401808060348122113071258867786856757112658785340044669605520644351890429176672633052793335378722495101302412876602420728607881308396
70969125994419687014150678934303323564987216914941262141959666329791350089296
3528647982423595362896577308626884896992603979741301032848255708314225309794098
-2505059407876227038854954386353621618157215496229408588143935382982557321878910
-5046880702042337112938333972590918301683227273404315166760443648740166747552132093390881617792271999193671873134237884406272340392332541663372644961840101156
10959432808625513598740264026030730182067366605655416584964865307797887120439566
7505535445616035088591209544373415248593690941528304126171771009472085420571944321478245724391605018460555054160193499890211277287937356362331529613467360125
-15437574709065669023156298641320736345342998132271140776023023012078371301521053518940919267761126360984720389527293464866850506853991536071792632839825890864
13590515852588752530565475618679370797002281910593419415427792177798426994244990
-15920675565363555333809933124001356808862008736137745099993531971285392325189
-1107802617799687321319449946561833112746929255819894755955609139051664271713455
3094176444145379226613411270240458377060440508716994906100515584372709782997041
4030463717856103233124172072439632850911076617471447596848090301955191750786205065175100531282571342184186601641737293296053247240417789514381883754778750135
-16239653798168888402101735188921882729207606890031360274023174166857221785642575
3078892524543087448059549499177515566119431942098793148570890766558311155805172
7882209781391737017922304637139154765219869041158304549149203826991715733821491
47278786988944352033247624540530750008763853862756206606918567913618388116440720356631416074319244058984597822566779193634933882877988213768940625916893256
3124072787038262836438402192210980133526461260594882669249829050995775873533753
-9879124171180179715393627120643006854608568313912457208437429302516107660029848
1492198600258436669844019565517180404580134215431055076005657230160259871045036
547153479021369398882392757502417162626455453053290026372341299614614641512817
32653311441033638207697637882377166934904229404885682185037315397104208787677126872640801361323801365327282551156296958337801232440040251583738770148918108062
-2308344191777140438953514627378843039956339298200748976214871856664436453311155
8561751420873210264799008666519593831290962890211637060048729359991552203540291
-27893709108951015364734006191225277706451200734434067538026953924768168453985823457858079612545954998246076410009227126362491783895546798114845359122755843549
-352792574805516007305654541656218503934443345983150246719064793782696486173371
8380123823230783331934378207165035034200894242325355633424345487150111969544315
-10086771099247898991215349004093548216184126210787387106234606649623604832518761
-23982864838515561900137111587913520868532091912245542982941701351913878509436179759018903817308108841964104787728401419314467701417084446622156961434634181276
-9571793953112461934718979841842029796211647174787853015852058240348105077508566
-30680822456791990805478247175782806756823295853185735882638324973674787892432250616914577426809121904418524230778509191440897469934183401250242625306130827742
4446228806511184630909301950946474046733002618244045430259322680256553670733837
-5085877844813671252140466038614900141939954654069150560190789764981156407722659943022533890640852725096952123468298701269107329274783586599252830118048163220
6110776078387431733193853734409074407100831136567008036631077756445407326748336
17444072959548757844193532727131013169577476189536628715727982194142053715950247
3879706662460453636431709015916829668225274997082417347973366680941819375403306
511413474786738716893113337483198446967428574841909004169385682991504443981482
-7784830906261907066856249404805803475488856760861385900678898726178039389692960
11909075696887423541529593985903789872062284217689151534087713061182974680525831
7449217114141476725259594039466857742171538491350906833808568108572839965559152
11698150036843998110229464306849148159211059894222787120629934659295117899336327
2292783076197498867946435101284626739000141679624208707462101682679714503511879
-17718544573108348072045844275626054650900416109602947380709782585331031786769211086698281729261164781997559807936526533572756983845418840245353199819886507500
3380537661807587781541293917611420500720672281968780585300517689880225191272510
-5084934762621387174704313078622225705469515332160423004457384609158359475104061
3432702034055924826781260076550222975723619926471245279257917057855273441594474
13636339525459639550255886035406530052280541789481126192093332967467576951094361464073125339907292035057661507636816635777966819518666141506129859665620892010
-5538059280872414041012209586782152932354642716870949392905569376442237703987000
-137225924111680621874250980216341133861861911840285009776221235305942755510681255223210039701017027481124063705785454108084616067229774754994318326243748115
4482395247829043491548362434406692526072037541966384006556170874336624598953542
82550445702239779655134344137709483648781112740759728362015044219398324371355292554568406751951446928787319908595895922603520053415716470646569223736703704448
662583614694068214244639806276259893919898936691109187756839214977698093018990
9766558441949742661942998655865418722043719349941467163465842389122689467683129
-6325369654641047867344772972788670718096468085222041980431703238315640960560922
4042600191214520387475873675882937535415328796415365468786022149794764132266645
-23789237827085563787116460345407039697511589173571557133248189572821249270881336821805366935197753369969503175180543826572556367902471679169720091318609712768
-76853495862097195364417871960811525521818422943000304708805992691996712569683120119316647342934161419655713585393338199848016267963527092894154947027963766807
-6688312755524241453729020190625149091076910854930287477259062504648182493918309
-12623212157130668950820406879793249906273489295630431092814292193460834093418005
20674852653159857686455951740049937222327745005116404328656462931419624670702277727184958010334127755431975253584480732279656405822549541363659159350494622762
-4302809016089328386501193297069031297095552786587980516263730024759046850312391
7511878965219288714858520832710013177331822909189775416763692347915592668391236
10436108580405871192198374147878301926460018490215220738949237011857929098199591
-46960415835043039181788311910240150754880493459091675742340530188725117896999925230736308070531725740799293355803546344022425916537654089442913314742819363306
-9294033956286061809720155196093587158183919984573130061080604377698893397230727
-11380535084354926374014791761528632232264026651610706489869573312051621131517480881167711903504517822652355466834278838152182266262761578172302623889752730752
8149245414776749239451430018501942899262459694883277175966731396788782976862939
-13504678532982788524851483421440198065615031008327514156852302688257326620450907
-26454261792109641254679430213642884316982752451008902963990963636737873075233189707549226196793250288347197081103489012674158438873545770961596986530534680382
2770141334756434500068013255905634382155675350595685877236230801850285422316170
537190449268304961043976428026053592183527098476154162042788204136767083645475
1653737616075881993537749757703175375528427326404169142251956630054124218461495
8070506160418832344979174356629544523743273933184256668422263402546232294267344
4796190828127658750603136369019770093884257939031171250154241974528936657084721
40944866820306872251821179525039409067697204806288180312568636491488885904900980123297313489803672738058764987467552674169545671988097735388893317118160199992
12362477999667984849788648258500913422192220346428652195508823897728223032383616
-10000887782142061925651229538700552811696063233509371644012209239012102771012189
16545827320809543441551383288414980212392663955916558793244394934849051436617524857671801007516892760033892369680437128437519537231645614078217799208681149600
1011864014667686051158660386941424393290595103422893216234421810936342407777904
-7009513742015689691591845288337061680374889693849608154793320952477876858381373
9760563024832691465666947707070532151862509196796823289931047787943257561683714
652892365838705403453978476264449829526598794815732444529400853421987228379897
10243653584026468669164741849562263305730053363907671965617000163983344279674643
-468044672315618679801095497677917076599487060305558868415900590742286299591507
-3083095338397256887323471590495018704682025986638864706117113790860148857701656177196915279154391692830827252837220160171304168080719648612029193947550709408
-4145982173918120482917235521829538543309019528134457140315745126489581340058148
-12578677300898042353618731521576636376309249446556959134737395773579139591831985707580323833669502305871824571829233915856713762630759419801841944755174460584
-3544680728231181127879512228678191963275060612548608195766988727471610379181166
-9307692759835874811345491490933181791467990157482448039538545313658122211597033
-34450982855685999723340260507575639993853373058941056617286657383673050490906523230911305460925215987938220269991633919473840895309036378602510106732712570705
11806178276050573835746610590252437536177168788854198921023763799591067062308482
-9394997662511574071118250383824387172860568028251846459495697876557629720625896
-15225861366050986637089056808180079781584644873147652182940255616876200834547771
-30501108863544355250171238466762377500826895937356095863654239577522679474760665255126537100597474366794075751102326533646176687994586200454973418006163492002
31561476461973113631667267572175277984314933884348884331474718142503593405602498719723798405373628123080058463577392818930049082533098731958752623038664770864
4345571603444424059418128456570861118533083209470168249332003979322178225950613
-1484578077971703195366138639030204921326850366043814357122048069226815652717093
-59913670501506429943055723808396776469069705459111252142675789030206301019415928382050226068961202782202307692828390107969611078160925900985595985444316449026
745879879688487187819552350056331373276546748403562702085889604659449513273745
-83035888198118510934415585960678679838857419563128824456619500458706517672959108168605125538232457433036659206080520178615271021228657877999089208765570600842
-7956560284572566022593104494263262059317383354854486748537470523178604028843847
3102423259331671889670035291824970906271187616111097680832117398675696617300020
-9067487189660289020971754142184015274766824438616118178662825352672670673634798
-13931599920208728818215455108682789234245608863067228265365043745717133821228970
4817398689822757576536914324230967254376708010466725942091631672550925564777183
-972921924200033486523759208543945831588406302587915821286547614337606411071062174370388544335409930968075959790130804013432245626486682414789713812596500890
4018522483278720456876996552780405512028387336394733994019362849317025000871221
-34910222473573350804845015198241798858041529526232122695263577422159931870690
10851788865882715711681607480584424909053905130465468241576589250705711947148227
-13315157559818170435810288495938200957590397471129349425690224847014084415589867
10729632228769689344800458934422843026815257845142597757261373878352760566407221385703648893150522091433293503961529116609589279991247072222839799470796488572
-6452544151070203408181566374288344809691541319512321296244636874400696674064641626645333450057509146488647711338165196061350653612224448998621070235280697632
7141089575314849046176153001762653543957014046942743550669531406515598391284927
-6769461033811268707182570465290985609740764351552457616591802335613612254937987925873510921418891261204287612792210316762727383314304683225964834184617344483
-4291258922657667675801913599944182053725250227340115766260792149519039715702044
51392883164599032980349162575540636053027421732513947506336992086933533076559898213897634542073973867470692080230287683602874090287663758073773106277554552188
-1025959580442893696808794841333766513436478490468039891748043871532600004869009
3227705508593351896001914248577010974109639007525307573654306704687195504273390
-11402602029317114483876770440929201493821610955548172144431735034445049129063633
261104684974361575719018518390190968361617060168626188025842390347223248689639508369053593219028204205946604501141677706344443450005620287849336682947013640
-15320325683699539423634714532137851491613948405400346411282796756600711934515257
4166027294342265001828876623894637061551908160226188346906565019654181286595349
-10356769561913495134076880754250854008093050217425741642071784358433762804502975
6872137537793360259567376187992673695402358723176197594795610025536082602589790
91853587738677889615637720977151042300957297562677830253041443071611127437811048661145300524169039634599820746119762300154065666304816988354359138374003864
13716969050262831765988454062656986059612813473541924755653854992439435601778813
-10999812167955944106987046632038385420969529409901397645549527758334715981948086
-8449790789791111382353676030162411878697799556880252039741940585380649359872391
-46433876410657855746248967451924823502910921535458948423552843921945848934551675569626265643061127898462995904586068665797970568633106671645616177939644889786
14493478983276783775508059570734129172510084341327191771873477056034375112305105
10007594410409557888219857509397783721887358621634861786635719624280315927249137495506122277405720357898945955507041159103772332819412758640467265021733231360
-11690866321876669609603177297587297995653880472887583123620594026194920667352001
-6340399079144154033207898342243733864782441891159622324126845944326477228068775
32387776637231468763483736127482248570842744794442964809270303854721909708845349915040335478517638109687547919145564997412522311813844983182526581024656435108
-54548269010303886431284106051620096634274245517963057160268343117366801392501104185292903669059774891673710361838365355687099212684595737567240809040407617296
1067711362123137561891980044637206827444152166683099718579454792983726085683391
8252795827060213004488659490939115158263197466252528190279833532109083433328178
-1657802894304812149554184348802515071285571604322827472173041373262606276491122
-9277594976768095337274384490707443703689383159652390805601815255992371923783895214430489551962252240519397495658381709254633555457813323573669029517360328289
10794050268900998350483686811714500119403736514838460791693644009721440508060071
-2501599197219354677975344121196697993430857240558073176548484879471258394682987
5317165167907039488859565022120288137977625746776652673605654127523626792825757
4991212469219372991867882955276192732760097616156020884865014444049806411258850
1848054584905027207625643911626057934439988006352148613197768379415283559102985
-67245121496746891785001388712513076002635169537516742669011473794201289247272
39087744092144422400658903561502772561312770925297041654253693774714392911923051193444205166431957151117534489292978031644264483448587960302649468643823862472
79484927634722153416014323211637072993034276248753929686354968474598692972919050710958741513073193072589381113491078931257374295293696349667866814005197487664
-2939574649588815664348435836990646518695131721887406148587748375435639724019525342748159508694857744614891535383939550327149294279005830431450038890635400978
10056738336427609188859993334491887165128417201953113928326444231639918285989951860398248207978025337583344832111984584446173568091249413522432729431118608169
-69877876650620134576423441994684279943702186104099510865804002823213923668738644581637359131581652961557675233128322703582083030083681617230261625106204118377
-977991967873375326382191361202006961600843778171835592721330255077071054983253
-1915815104612102108737632923854841449424056812391482702978294185339554245775557548761884810462732302240351069670783470796417411338635558183948596692672250780
3620085411438787063145113605688451999085525433077862363263666180944419619400874
-7786065074447980504718158763428079206386470009402366422562146862379754590117491
2381728857653403596712964995274237562696525635178278088452556164520823148551651
-21698452816334262657300356873420564951508891340278001204587469048131548118570397137408506444119033740336089217119533311109531760256221835352131637086480832884
8888337274963289381855354001866976536374970524783063394877135925289210940151002
-10850077754423055410863172745977742815012765921852713190628812840935231382720756
-10859821246788841373117005782544655141876465924828786085934284505286679950406160
14044701992695360812955845015940015004927221162605472189264815812009796542202707
-17518866104412875885944819645515772217695661151675022681695182099613164296764682089119939656134264426977392341968924986565040728237809626381383948432091867624
937394292275569726155785118933698407454700904864935726302429504644357173827057755363611055284555915315882641179863569406057990653452869800677448693527077450
-1736221402781214574500745369912233309496631160100691558268662255564965546666072
-5447584890764194513481550316775284165422050395020307435423695566380200087286319
2137604274100882064262387819078350657048505293135740469820256552775519051687273
3476153751874572021313812473151482397595745144355381190379434928477630225143958
-10400044923209990646750933955759309120317067500475770708929221062902280352314003
866379541268117229097493872476553095778847289119724567326481031145195466457062
-38640329111523641728251265587252753644734920332840628475230616436799312676202850054433010717117087221120486301200074577017613834871330625524673632109418375890
-31066550076818476811663629091734673363003117150770423760287399070551453913873488374751522557743524371833951821615879375863347969594049405056564343087119876294
-73373533616700311674028925873352220125696319103257324019311793022000944208382031073521443749505851945632295279273233623792774364826525369293405296637271724864
-4060532025441606668422861761740700465480169240185328131817806872657145524375908112606019571417048088667340573019622671552894592725008621600760182963842724715
11089857623242830314115218013928427837300195101962420402914659211167193031758185
5512422637218877441406805035151189898125043747298162418060960772174472623608035
1076399331130336856856423860003379508055064244495809918612894058548166450437693
193009835388554965811470266054514866776039656219540575720123853101114982654550
2842666360062457430878133306257572986771104622806713019185413035690685905649969283059132124018036574566631640065419285633144915690249663717853833817958355528
-14068911899123252356966575978153424557032665179513619590157817084459498696552854
8872509473274314411798497545726739781419062549369891772189887962219680187089933
14022562250308240627356253628724368966609464193533615495968984177920955597777513
-9024371070230729183906807910462270028483442022130442371266971667541738629046838180596804482627789431385354074717089005894714703600807625464712843656905879450
21173849737277212992471580471876508548356839885840395661569198238427603051461622048058922013407273923327122433626528048696652864993479067059541965062105581894
-30544969358268037163830608431383786961444240285849917984003443090418929778742447331968660044191634362165726909651520487995143426546964463278097257090772442990
-6753319237691352086215885446860675415068945032161950389818322200546322979280273
3574319788333702327225533441826288488094894070047367486519822105030272051449784
162099745205420688583424399384752843571251497988944781372214666278526891854604104872603281936955631153341548700081381275643635393842247937257142577063915168
-47514519972837233907777850286413858798896186769256821310517128326028030380762243831859244724819500255003510896934788224738602456266293673111065987120674333840
5495065382238319064782614901609031795553166244813212920189679113487068435223181
-10614441145016630720768804753480114165823152645177059548298743127198876433516203
12693427989851267269405157795272007848942133924543891449115756969466561370507614
4632647435412571339962365294330811599761147910402913216599945222710454476182594
12137485046000534347499031949260822761151416261855453190121152762112206565177321406958990702965638472209422968725032231708676599808821811971957066990567239799
10089271088070848190911408265738138237577471931358337299434877290959654382872444
10540457542647484935017023804131850203437158593732601234445014754413851337407286
-5063319869860851821848265738679208989534866416605095426900902370948577856979669
5981288878976606845896329171041288426237378686674247925377408407648906229084660020981962908065915157801031149330388164897214701298009479430561652827991366262
1529774466380106488502596301895296200268780740997614996432490531126704440314010689646814930656919039068120413250010575458925616436519715690774805544403710950
8287602932696176372529570979143977139971202876427857646484683242981843569823345
-1125217610339715687707584558960953941617512610348931091865126902212246038296859
5888040212915363274069516764760944446233764232774497405528714361105171532206245578164929952748071041517649169516535577294561792304006048359170374106615702401
56138349526556903808561828200443883335275185750924701661364455879499448319018247985058573429972471934664218625965045785836779883074845214369805856483595149940
-6971839476309805608334607979913351145300156404404831550984277389829671721467132
-4148819446802895806894753822006777148851286485590599732876422055780019060759174189736302316534732388402180957081919440255970429243471093483345736316312710832
1930141208208439002343899800020669319905914073885235851498883863899568025324611
-1573911426964478396565686006925575651791206451888205031201000249921574131279711764480373642044962000259482859447521150648346364658635677620085459931871080295
-13243125211010097641520239071913622163621744287496862548390628110015179221705196
14532488433363205062891231008713550675310715919908532264918409772367754202996550
8364729233060754444734570345429000406428762282460151323858782148524270457656048
-11173959405301726373465025228785077775464693903322454803181479400377650311700242
-1195180462599242966485840765281856656735119651486080941937707490237306466819192
1135696392703835429093070912452575781039864490652790918261324740373095398097539435338203868485217233908438202655561856720394857075889530167983168920258429321
-3997168393105160536018430549603168583243271930812658955841602148076081203346960122196491796303427310564989647108448005752340479143190600547370755727599619335
21921301050119303231957715643133064576490703030613726429927323835977260816186482140402192551971422446627679430418437463451236067957052854837987342129403255297
-11057190254792644220437814719755778121049077746721280518834136096360222752460104988250967377795429233016503667089474398805167076719629991492858135326451005635
-13295786558858347833709160672050442040155250659026023362685340715899144362569962
5488395811478094386076751785319961928004304644979595804388874546577537444122641
-81589113349980770669215927106481637030068894086981519772225012705308398739418278159585950279136051487474951760938706234868386974014346931235281947952458532400
26371002992548968404469752087902958629390550930623818234176817801161431749039146409354596580529944854334351110403883488932291599604432767411965674380627302000
-2956135178517735454155681269144389855574453921442351560105820200343157325101104
9292960180526360320912352592624367602600986268712123273181267371787667974638237
12197560594194358055770557293723725609336279440235794203301778451010004727561180
-14408572949589466332499056135002759100286665952242071378558457703320285808359996
-1368311967873309821777584173511317978642987250526770417051982324336624447879096460610140799840014683609507949504006967730447066418298234476313335337671373030
6394319337979097380183233701234345624935595847979260990807813718043558400048547
-7370366392447998860298423581476825185978106319127083736337920889858085028186203
-12381208400456475541146823520259746735545985548705500735425352992028901120039440
11671966258064622881606875427122153591391340214371395041595717470664749797258718002848720882023968491880088906946602518894993629799653229207969135263408444475
9230618332941447915476177867788097509412948492482757674930156213754720147861397
14302266572310307778586328661049632957293697240020167553831182417251664644774360
26162350166960431630852539596291105433980058924463099938094591011384260075016423129124530222408350356541783436187000934987358306262617461547357531156964123704
6397372591891763368811927025340239879454021111012112109889096610354352921989537
-3270798113545362883327121239163199600610027124405104963393323979089641927691416
3148383545487128775814330897033255715329919857291305717477140253533205317311559
-6681172784102432826980417844774466379810201889657181260271098081444676498349317
3197589020548132031374038619820189079031524749233135664563242695675843385106032
-13116643123869864501054331970235635589259412266947500490315491256125241509973324
60149005971972874758283790875752697257901486141876638311393014844867247691431924066181382161747747201312777824167904054563579593824407887127124466749771506500
-5498526631206553493774630768271041701426397125390359467292032164464972833141898
-29690098333326906891229190834529916944991987509597315631955901890036789106343954919655956819586394007315496634416714744676701378145429579806390495387847702002
185248029607523737921361152732401582638127333591392605619071024261632231192646
29580195067379717675197321381296082692887521864516931012823729734026460943951125269820614712637861272606149723271442730194391086345479669369454556508601676659
-5011635975186254367774308716217907212863129854980580437444599087543488722960621
12913539005314008002900687450133849725238345685296329694603946866534508711239065917605751629276521338464614287255222576640060271311641078607122957286181835908
-2123271417125701614704353754290947208207342544706023647669208564394728618786923
4667705897926524424604468946657835067207131332193905571466644440145383730409341
11045772785259943638709255854587221288274590138243538355471750534338929683323051
-10327471547249193864217039964776227705845383599308722115684521062397353575147452151854157210469121548965446480678755649712332272318638270293727181124394271225
-3996047241565165163244180423481068330847452196495273048305962514592821888292693
26409870447706600673053615800090522488615417183452772376122490029677252975039469358504401179719746337770977288937619275943534226825522345425810995996971605998
-12957951853749567230209894348621561797773678712074008810446035508676203267156955
-56064870959295777995366939226651381329564879802938899443959966623337307665205185751577278708174595105035417949762877371173772868139614621562896519528086976880
4464175177831523978182097800338799982807508616007059348346535972923948910896262682523966656010730547883936051862859252951669915378862380366160356516809408
5796265106950175551150688170367595597720564063941048483153461968256168907156491
3262082898264345652988522284224074942714036955093533836379039450153798423178358
1961533940689900303925006169674324111619921833674978768358552192100286692274302
-452841807773035888887211576305884180249782182395058915500692142046639880780520
6106840389013545392379980945530188721988227949123742362744902417157980459671447
-41602228656632824285537008837765952169733971731440158424731988350352442542388808213182329504415331934903711659389976838203971746075128094615150219557183230635
-6078385458078748414209540059303655873488472158314027771875576000010666899480482
6686573038373092120988620948709311499775095936786795698628107595824891243923098
-18305784791574189938958939919603660036023847670176591897900717646928269558844015
-13182685093131507099433013565032971793451177791914644709764276675688523597136534
-7178908473577757518787046154222581502913462369493357618983031612997503509738280
-242077181606382118336029604552743457118686610665756737708449250054665249193402
-59044220501133649865137015044096254183385668539972684175349195144120108406744237388902058787089150402578490386853243450502594356065622082514881200970909979035
5926581762987837690702882229080592283444760233705128102638264812710541822364217
-1510219321010359595191242697651412424221090861712777803572925651963526559258111
51181445913345536156474151437885119954527701630449164043470452391109981057635152186617571958962734215177084968593557787588513752594896816363529135967858993152
-56653186299041116617220228685487449341540356450439877375982658525319160290863430867437658373328143779564576110809645673558473454738453511909382408242714596284
-15924783246215064864533574169342048348935241555696026184036022085843975007856959265045357454799737010122501437411112072635376749582442667557265841837287945364
-5103284406022547546823525211117899476103489864800894004598397353116569672538418
-28505852679535459873335866753919477195964917077509593992332525863840796135859386207708301761948271493882753480668728144120635794672917281871820457424860220840
-775410107566861309758554392294440679848877433912325502722718661130023459691953
-4258321250747732722882570981341726506781544246133271396534461491429431123138519
-42365744302066081331501845364355407609380531280277195531014783240551678744102793793306235022508935457381926845563547579569990331708021537620496356394276905054
1697205923451496148151953100888899148146009856594626708196703989915767359012207
-11738992828951655994645247349282076866856637799170871980487199550485956268535928
-10347303619868712832659438466824427973034369387903629625246449305283361209266328
-64178674453366904388724778761653275760820795520737714508760120038920758926304290132885869874087479548407355354781103539626872820528463677242231401283829276819
-9383387467270696709680915904909310107670361438433508551014690164187572915259056
-23564506405352610905558258713321948233314482652710879989683446132785106885725669638624917078957239501950888131005349064383496207898852521048331344103824804286
4667162569748529120797892817719800743796747291280292380928162312849271035236368465510251831120236618232233367907013872657033003204892243386365226125518302144
5995738941417327028843090808861036412115467495983837197673086143639013733269866
698712442719358904126467377013201735009141183973487293978980397317223336761116
10796525951978261942485559427625291290728350510331205276784762788620582168794730308396195296376806469369816541350836757194988335610207573031919353207081007694
3556031263932478749621006257508013376939564085106806600069530115869363671488086
82595467560672624715912710038669045074706547505932860095008859992267417405999148488277909054421424559698120845398147595972311571972717920767779171119127475918
85397998402844347686619026304380049665203115137620512092675124557554146690924799674609174904067126428759775571689401617179352541959277854665509277697853302210
4539958000717414640286188836489926347078967558017112966630290964479039694048715
9809745497402137437929729005916387909978785189202311530463570428252803006204968
-71025601289444667288473071751829473059292401887177437127663720650444573626404104574601595739064694724260044997828133938825660840878915314106452473672838944822
-10764287594236313220442452512701809829816638835913630882760841922707066013979614
13789887406022292158420449235877801544709618140929070325868239880857140505225725
5046739237502857144486148278882182103954631822275307606064659348526661608752926
370026408334854047368426491381358752656097903347708508648250015784175351672751
-12571393968960604308557481432733133703923947125739060954722873116399458823629769688500962719783287705657524042312720340357189747023767510739460841538077096932
-11060242863631988478562875159742653284872850385622220671766352840015773126439061
342166777068701564017695978557948408392238984067216700445441790857338037328604
-8451314489009315813676867632738097048680638850163898728620166837968329867125407
-2562685869977038078290174784217222938401316225076580324814841476365712522913552862714174273834092275157685244981677122736688278668431134019380206768324808335
47784671611573819265172242134931270005186761283262205780926374440128640768884328018732294209638642486286749901551809396039465260293498886342547695047353180228
29441604158750449704975338065828676119326697346823791771396155902626099639755510872049596143683684275516126523371492219726629893681455268079287606740453373260
1708337027798804402485278992927673898859226053678065607094446432340921777129767
2968154159591074959999696353876424135611931230583764866782035928416566138958259196082863139286068863548510160248944884930666202241812320001999057412587056216
2135544758405951555795247138594931142808938968141181320779774884121663085577503702557545387519923180155394298253721520314177801252422764376130800228039751553
-28511117458700699940770321646099861916092231018647347975945304295661251999121495792006353836876215275697957181263464265292201652623190259691940742539405989949
-11327256906495700471852824366927925155559568841950133319694537948127103883734557
7071460099455130538149735862046444635281793318309121508967335812786969737836196
6969959477558827853727446073940099826815172003051434221795347606763884496096808
-19779688162361782472099592082892291383506056615920229170537904443253137326457596031102601861125318406851739402681573559403953554294423675343228934856036101550
1993234336256937345961898955129817935347867078023578564545296897942539822976077
5084782922222320324367198352978083154158342201721920182108001977308173487072336
-4985269407594105884678793849129744907085743506763693058066624308538152110651445
-35302279786657988985113306654050415208985942953822575308523511527156669798686078672294527789174212564253838804846673607835309142371885364057730475028943150450
30003672094780480669898967661045355033528767410306335783395348351681071418752184983138124043350695116300019828483882344303102671717332011844781522950859457960
-5849974342154873995701301589523032040782233980470875280076309323176505086837201
-31018700831563078392768243279723329763023856063609525914552844875400705891002461458358278226146893475543013006299369477657979540950697932598481740789288441875
-6829996191391990416508263901299186455012453294622980027803818187598501556783370
-1283575834249902125523887272486159937838245252622152302926768103352856104814992
8740277236904959939836859622576345781707163999873861154497450622546384620807452
16422065962203969656068852784364843830684087571622730763093564991894713536242863
15986732348722962740654129856591219574881907366141577997056611157417457184840710972410780698615523110047094863885742038151647828693176907731187582923411969426
4037765185511756923796582623296553530470706697198219327857770109688458250785310
4402436617567117636078013308612137712419220974208401911949240100279070415331201
21477847140862907422829406140217244632481806988418371120192469673587713849027010394963137392030885163559328607033065727203468432676373527982491382899805158440
-6339634197465484883408386494690193490867013469896180736407241753083288454576658
9269280003435285206910921202074326195416036154506501990722764987210528368425741365358572703846575320568567251934794577787969696991249122300531347327229482620
-19633894591788634725340257895561289491583543523531557521710828101023762621825613
202127137062038203927540642240127219919561357153317446657252293902941225670541
-11545277576512930243210776574915830771501687154014667198699796262994678822928576
11863327180022866308422336444657529067662070017738050550130213119123644951098400
8050386563033198589879563130310234042764507345863762397305721359172940347067218
-4827079588497212720879300469777843164930925808108624956318963143145633687849943
-30995514435686097362080351892054990963003642625698270119251501989368246847505397729749562986071311689427448909921996586767345452070817579843731725003709957516
-15328632562868735564270816250649904698096274352714451026276523282462666994987197
2153214328044287710734673727653789925032613406034784392646090835028337292891891
-10997019626301847601488348235231346611531877818550706621491147173758353687196756
-12359741518367377284790152382258041513114176438074369590734978637209550640722290
14618798912685881296446551817662758505000201270748979653124978398790814240829430
-50486299037598328280963055755361094075451252287030651360940543745549107271932458160439785941292168955831875986000022580066771199422464818111700197488350705856
14055108544127035377374960282958944652199027395382666383692315745191890538783347
-41710092727818104209419525405494298820139690302149695682383047363941082629778018103520869663797717025797860103884045628440144686840055730955701819381673483496
-6246486104319475968932327243686359497331610471830714086960322048440139055804771374950950237520001550140978213008313349422513936853295449039407441630888183725
7684987257189109831024941059892247337391999285506847336480641167559288059856119
6607484645634040634686844751583236641063900049056170947736774799827590264893817
-10297634464396154741266531468103501601385079008490639535744836189796705392759549
-10822249781114706717953593801988114284532241969506918003731535576344615204957089
18331131387594648159321732122464380627255109498793464972295951907383483922357958
-4283303003736513683096814801600085049280312158465736401481903656694745835115073
44851085287059038392359204566183159999075129763868439056078901093257225967053783304329270875552461983580983070657690359718548426381554009253556018290723897500
8982229752964516309783998603365314199410637259924367282709615682298115032885114
-25626628743829280768441167165234075017064230499889792662036830375883098235092007174049300369498580456112026626339400740574092510854965214216403332600352857380
53150695857743343879147609264839824264846067610655463050472916603403944471936666140152489164158027537021820158169715375338184318119488106457125089074677729517
-13897719552128709976971188788476350323206950776147099528847905595466795938293304
10030848360552851637048535040780779704314369876250131553448777276687448877961438
-22827757552332717082520303010904077828476737882806351108555211057711793969808203708323624804275066821936385010070446441500762649878870392062654942625863360134
1954288342952564775992364002531737717884108897822918025119940969177694643827399566412630236695329830226244111140187407026749852197158742700734380170115174107
20529142895537928715328285223362201437552202247340619203169949995160233082044732006961787761474621919692275305644700637097817003613121828655292208687659376685
-26051480555609643774176781675094124065872173122850779601785275832047758725088249406573754871263858882519782580313531007848304756994673332010466379852813502422
-4510889227822128556466214419686982664370750275866692387563882164118491626632886
-3557471707618929808338300997041182400030312203813866851310604729203482130661242
-4277048701294131467831304866719963839587996520576056928019446068703373315891817
3955159682215695272333626969658015232504433501515365161613739014322165666437640
-4294123716500477175218548670889248700977651673190458233779545753069617661929249
-8318135716851418112850439018928002054076455305236243552852194304267193548599471
-10948678020664156443322600456285323513826780033661713776654756665898049685802221
707775995217166395659921677356577994204043473743322319702941503182462632930835
-30308772925337768513105165387974537157683477951195712811792043600009492971321815548508355789206315325726990279920993685238770419564099424821195089946380467960
1386319241312230105257343621046725841401188296047155803671847996118954372042766
-14121375493913478166461956790493483384737269582474184932208591027808993032012618953052546876216248400457176311570475634710467108006674956311436614974157145630
-2596446404206643247589230739997902412852620558017685979802442153970756570827952
-971330469579941041414149354116161071257228893665113289563147224373422007478849
-5171610593900877553916902685227080621556538065807464470734606683031082762784111
-31137774393095103871018877173442596612579261208867860213703635676962294712332051865756970412746842363636646882648325198209654956554066566719346760811946605940
-3023141757969803692477776262231689643929399950850205568250771063961544161934520
-42198689394148161676572048977991492089768838362828807063739692815548628014479638574029943284572997159681546913754028272974894753397853897465855056467396806923
-20735220408140248067628404291674083932206775829144912969574963027469049635507888611491606049053326654933943683064384598075349974533141322558344425031740844375
1163625302658914603959230599812226889585510284282609094329158632914208764521244
9802979454371263380172084209360258539595955484367819853244366280131402388754340
-3016202231778166455073715169798435856403232179300169220629436597373316074944186
6799952841149766203568803776108954822762308247335867652205023971932780718533828310035692072466299616339904524113524121256481469396421401543705930779390274180
-55391066242178218664649708844662743982044856266748330215940671139887116505395533559623544387167496057572389604881379533464650535447513356872623967573650449758
-2668226103256479329462736015363747519463904828901069116133700410336578794912643507168978009692240383101242788394435353259492665556825607772844732821702832976
6618756279203479260007392413619055535451370196666550029640904639040970491087479839618621595685709587804779604396973659931950126101819018533861903649214906235
7256540116101027209400876815235570058463144055901863572482694623614778014022493
-8087423631724606877376182603405409987415640175362585276676591400258017492117088
49014273158977342258227083839944061206817313801133503517309095461457550489279387537055898352530604740195931027703103403933580487306531160753979146189744430928
-12450282221503969353222990717423432267231341308867152133042082366071019371222821
-4661238911666411724405229798988378741747002962528722083695761963177075393703477
-16595910748092570822807588794239850143052593185404036078395235171717489834917930
-7835730574385082896220811040154148067249434330896196937517588002568017528785255
-256766191727739692985526138217049611636683480436989747079168998861269650678331
-2050055554774074159947820697313930502993200381472891435832527793987353001345616
1638347483195824358731697146223105018987661802766699880575036537059032139479497
-3124633189284732599908111814908900903550900480125405924041316702463237797342338
5542840587313585275073331407400454866058022426418347531769371437504669313506319
-47344726978175665120774918766840428622487836800830966877837019826649396107038883561791102965550781440013232480742898149564321073163427697486540185238563451125
4825980120867817498780089461965552096504950914054153282810005734276869173964568
-17368254441353304114784682107202939076193929483930394643042852616318697902029631
4472869739405846802039297858755152640526482746722892037893277990958324753148058046900866434725028220628355831275097728996614371772680023089792465487496350210
-5055879238484570951565905943912311029356379635279308780132517974885511301390660
-9593220863246332105987884610548978793084709355416217870893833040859058274969217
12047810958199452912172308252046963985043411752138256131203706322202186065807304
-2066006837654932882606221860853934829589113990264033691012696216369424791586486
12890021897749626804697558695454964692550745589381251181048127643026777367903978965847347593427326864532211424316418146884795012678356804823089211568217021300
28225199587862917608189346304866905364960733087143139879321334819627608014476383528227495637691850497956494003585651213344531364957322181072342091675518044428
1029959968656460979317258552413748523232104099583714275169286572630251651515546
290153223840786388903713669271782008085232362162198332447876140730517228830427
15825473318221581450075016397768843818806861285927082125529731258100433490260974
2675348866844780395897610432371901350194465935202549751325706045729158118580614
-6908545247506145898929974313176213249312599317158531212567190271300843431374902
-20879573096901786529398218439970778354734842454251286439442278244593683365110945431512818304138766309330900685629860931896660774740240490804442606325185044548
9060740507739320531432387164171184818155878855402511920879503607163034788769351220748113759436432759276649352381737045076110675068830874543072730570703862272
5781180032270121730216330789113736733986533089652230867428145697378315725702783
-43357149399146470866500648697220862761263591345459236060193985351166281756282119286212353001235711157569321733374159950474276093676258453439722859720322155700
-13073059179883792418029450918953667399395112808581791867416972674087582393763292
-4787963913608651245132613251160856103786868855642584105559295704487588311058575
-5600994210041161631643428963495372839831530682517508785224743399526706428713943
4115890320923835251583255980560391466389451345073211373464940986536287538453456
-880492408821908020101570187619554367722966928495392013397306298095267267460430
3294534554945437900191189566838053547230530753872755032222543966052452130004629
5079446229253722899653246654388303190199138444300554568621623348697559137262110
-49709090493249894467914858658264178219448518822592739518491531460151370371907113180294932351842367837210712640851389120334551894713066637122408313943363248776
8361773575406368986520094629337546333859395873731379731993287895579561393205249
10646617833549932264598268670910324502440832085562732188204676704566982720866390
-83970221818725808574065623942078499480847443837136748699341161345775181195799871921778756905987650729009155535480600718774258500201104035521195999383692374260
-56528042305728358629286437585369073163805606963105059553740315716541478002671010850242351014296807525522165009618404140578872975558040312975862611244660531776
-1130938687525156129218836952835865898531967393299355623790850975233558997071180
916490775778272683640232490075200207678695342306565823307132924333620098321090
4539676425524657787497270660850130081383803002469666939350557665117778202821284
-15931355092881874443725180460773016238631436429181713300609557359403813714358431
11942891781738430569876673571466045528497039857279772708816905895327446498575503414996184046934215847592444386246641649039399925475127515388749106820815721024
11159626136735500782237160321994060244289845489794757115071762759739374305062517
-6482872467574067031175538040841037163058214537772343425942065166218740031713256
-1192416951300596545642175985236074870051448520691773051566739520064522061953240
-3674975503209463186752764129891268207728806057385755229292617132146538002524684
-12932108356236768407739897670935933046807527137988406028775750015405213251148692
-6640253830898859240420978729875128233110988318443293200089210450318056546910491
-25662494076282109068887574807456979491779540743548918049586651528562440837764999691659310552351916474684763007045911101841105078711121058364986235535635565444
33453385214423363446143943386000148309704765664436733837915134643468273560953249208185838165200672689070308334051064969328178696371143700998721966620535979555
-7754398816575237999697193028464793400413491479339205160485806678903771474009748
66067395995121240511806229759213942390002460733497779832084010187961791184209886098170301341853894264865550024505782262808070365444957475935345380564514400
-7160385986504624311944099966942970014296199493605785913140696721066808811611337
11111684600706294438924793390085815921625007779602542783597627498997842769214674856526945616917548725904006957190042361733690866406487771236490094706310608744
61478257423533984369373507127683239601126347372669214999825827722201319589459963811769754488408721816997649424027081282740725833337521688236567395294382434470
10209409719707239857238497880602184303173885387682953250460396342969852381019689
-6653843930704608993375960447794599843597175586481563837542410167131291758039933
-138000573592266236008016233567304653966950452557639721203067986024458065673295
-15065049600857520787343588161027274662488583929825255396105472067669948518959523323502906689467389815118788030366877609732354278679568963425640023390372288400
-29111010983593537172210473738797751075161273059030327148537708002798487788785
-2815527859750903769263046199853930956675974845020334117340373588937886832087873
2355392479426591096667684227182513074799423288212622316983394520584047946253167
